<!DOCTYPE html PUBLIC "-//W3C//DTD XHTML 1.1//EN" "http://www.w3.org/TR/xhtml11/DTD/xhtml11.dtd">
<html xmlns="http://www.w3.org/1999/xhtml">
<head>
<meta http-equiv="content-type" content="text/html; charset=UTF-8"/>
<title>TestNG Report</title>
<style type="text/css">table {margin-bottom:10px;border-collapse:collapse;empty-cells:show}th,td {border:1px solid #009;padding:.25em .5em}th {vertical-align:bottom}td {vertical-align:top}table a {font-weight:bold}.stripe td {background-color: #E6EBF9}.num {text-align:right}.passedodd td {background-color: #3F3}.passedeven td {background-color: #0A0}.skippedodd td {background-color: #DDD}.skippedeven td {background-color: #CCC}.failedodd td,.attn {background-color: #F33}.failedeven td,.stripe .attn {background-color: #D00}.stacktrace {white-space:pre;font-family:monospace}.totop {font-size:85%;text-align:center;border-bottom:2px solid #000}.invisible {display:none}</style>
</head>
<body>
<table>
<tr><th>Test</th><th># Passed</th><th># Skipped</th><th># Retried</th><th># Failed</th><th>Time (ms)</th><th>Included Groups</th><th>Excluded Groups</th></tr>
<tr><th colspan="7">Command line suite</th></tr>
<tr><td><a href="#t0">Command line test</a></td><td class="num">15</td><td class="num">0</td><td class="num">0</td><td class="num attn">12</td><td class="num">103,722</td><td></td><td></td></tr>
</table>
<table id='summary'><thead><tr><th>Class</th><th>Method</th><th>Start</th><th>Time (ms)</th></tr></thead><tbody><tr><th colspan="4">Command line suite</th></tr></tbody><tbody id="t0"><tr><th colspan="4">Command line test &#8212; failed</th></tr><tr class="failedeven"><td rowspan="1">Tests.Register.Cases.Regresion.TestEmailInvalidDomain</td><td><a href="#m0">validCredentials</a></td><td rowspan="1">1644263891389</td><td rowspan="1">2151</td></tr><tr class="failedodd"><td rowspan="1">Tests.Register.Cases.Regresion.TestNSymbolsForSurname</td><td><a href="#m1">validCredentials</a></td><td rowspan="1">1644263903338</td><td rowspan="1">2736</td></tr><tr class="failedeven"><td rowspan="1">Tests.Register.Cases.Regresion.TestNumbersForName</td><td><a href="#m2">validCredentials</a></td><td rowspan="1">1644263906679</td><td rowspan="1">3871</td></tr><tr class="failedodd"><td rowspan="1">Tests.Register.Cases.Regresion.TestNumbersForSurname</td><td><a href="#m3">validCredentials</a></td><td rowspan="1">1644263911149</td><td rowspan="1">2287</td></tr><tr class="failedeven"><td rowspan="1">Tests.Register.Cases.Regresion.TestPasswordLimit</td><td><a href="#m4">validCredentials</a></td><td rowspan="1">1644263914064</td><td rowspan="1">3932</td></tr><tr class="failedodd"><td rowspan="1">Tests.Register.Cases.Regresion.TestSymbolsForName</td><td><a href="#m5">validCredentials</a></td><td rowspan="1">1644263937097</td><td rowspan="1">3079</td></tr><tr class="failedeven"><td rowspan="1">Tests.Register.Cases.Retesting.TestEmailInvalidDomain</td><td><a href="#m6">validCredentials</a></td><td rowspan="1">1644263940787</td><td rowspan="1">2156</td></tr><tr class="failedodd"><td rowspan="1">Tests.Register.Cases.Retesting.TestNSymbolsForSurname</td><td><a href="#m7">validCredentials</a></td><td rowspan="1">1644263943541</td><td rowspan="1">2115</td></tr><tr class="failedeven"><td rowspan="1">Tests.Register.Cases.Retesting.TestNumbersForName</td><td><a href="#m8">validCredentials</a></td><td rowspan="1">1644263946292</td><td rowspan="1">2108</td></tr><tr class="failedodd"><td rowspan="1">Tests.Register.Cases.Retesting.TestNumbersForSurname</td><td><a href="#m9">validCredentials</a></td><td rowspan="1">1644263949044</td><td rowspan="1">2196</td></tr><tr class="failedeven"><td rowspan="1">Tests.Register.Cases.Retesting.TestPasswordLimit</td><td><a href="#m10">validCredentials</a></td><td rowspan="1">1644263951903</td><td rowspan="1">2215</td></tr><tr class="failedodd"><td rowspan="1">Tests.Register.Cases.Retesting.TestSymbolsForName</td><td><a href="#m11">validCredentials</a></td><td rowspan="1">1644263954716</td><td rowspan="1">2400</td></tr><tr><th colspan="4">Command line test &#8212; passed</th></tr><tr class="passedeven"><td rowspan="1">Tests.Register.Cases.KeyFlow.TestPositiveFlow</td><td><a href="#m12">flowTest</a></td><td rowspan="1">1644263855170</td><td rowspan="1">5966</td></tr><tr class="passedodd"><td rowspan="1">Tests.Register.Cases.Regresion.TestAcademySelection</td><td><a href="#m13">validCredentials</a></td><td rowspan="1">1644263861737</td><td rowspan="1">4003</td></tr><tr class="passedeven"><td rowspan="1">Tests.Register.Cases.Regresion.TestAcademySelectionMandatory</td><td><a href="#m14">validCredentials</a></td><td rowspan="1">1644263866334</td><td rowspan="1">2455</td></tr><tr class="passedodd"><td rowspan="1">Tests.Register.Cases.Regresion.TestAcademySelectionOnlyOne</td><td><a href="#m15">validCredentials</a></td><td rowspan="1">1644263869370</td><td rowspan="1">2689</td></tr><tr class="passedeven"><td rowspan="1">Tests.Register.Cases.Regresion.TestBiographyMandatory</td><td><a href="#m16">validCredentials</a></td><td rowspan="1">1644263872640</td><td rowspan="1">2070</td></tr><tr class="passedodd"><td rowspan="1">Tests.Register.Cases.Regresion.TestContinueRegistrationFourthForm</td><td><a href="#m17">flowTest</a></td><td rowspan="1">1644263875293</td><td rowspan="1">5620</td></tr><tr class="passedeven"><td rowspan="1">Tests.Register.Cases.Regresion.TestContinueRegistrationSecondForm</td><td><a href="#m18">flowTest</a></td><td rowspan="1">1644263881498</td><td rowspan="1">4190</td></tr><tr class="passedodd"><td rowspan="1">Tests.Register.Cases.Regresion.TestContinueRegistrationThirdForm</td><td><a href="#m19">flowTest</a></td><td rowspan="1">1644263886279</td><td rowspan="1">4513</td></tr><tr class="passedeven"><td rowspan="1">Tests.Register.Cases.Regresion.TestEmailMandatory</td><td><a href="#m20">validCredentials</a></td><td rowspan="1">1644263894139</td><td rowspan="1">2068</td></tr><tr class="passedodd"><td rowspan="1">Tests.Register.Cases.Regresion.TestNameMandatory</td><td><a href="#m21">validCredentials</a></td><td rowspan="1">1644263896789</td><td rowspan="1">2130</td></tr><tr class="passedeven"><td rowspan="1">Tests.Register.Cases.Regresion.TestNextButton</td><td><a href="#m22">validCredentials</a></td><td rowspan="1">1644263899502</td><td rowspan="1">3835</td></tr><tr class="passedodd"><td rowspan="1">Tests.Register.Cases.Regresion.TestPasswordMandatory</td><td><a href="#m23">validCredentials</a></td><td rowspan="1">1644263918599</td><td rowspan="1">3142</td></tr><tr class="passedeven"><td rowspan="1">Tests.Register.Cases.Regresion.TestSkillSelectLimit</td><td><a href="#m24">validCredentials</a></td><td rowspan="1">1644263922324</td><td rowspan="1">6879</td></tr><tr class="passedodd"><td rowspan="1">Tests.Register.Cases.Regresion.TestSkillSelectMin</td><td><a href="#m25">validCredentials</a></td><td rowspan="1">1644263929204</td><td rowspan="1">5147</td></tr><tr class="passedeven"><td rowspan="1">Tests.Register.Cases.Regresion.TestSurnameMandatory</td><td><a href="#m26">validCredentials</a></td><td rowspan="1">1644263934352</td><td rowspan="1">2110</td></tr></tbody>
</table>
<h2>Command line test</h2><h3 id="m0">Tests.Register.Cases.Regresion.TestEmailInvalidDomain#validCredentials</h3><table class="result"><tr><th>Exception</th></tr><tr><td><div class="stacktrace">java.lang.AssertionError: did not expect to find [true] but found [false]
	at Tests.Register.Cases.Regresion.TestEmailInvalidDomain.validCredentials(TestEmailInvalidDomain.java:52)
	at java.base/java.util.ArrayList.forEach(ArrayList.java:1541)
... Removed 41 stack frames</div></td></tr></table><p class="totop"><a href="#summary">back to summary</a></p>
<h3 id="m1">Tests.Register.Cases.Regresion.TestNSymbolsForSurname#validCredentials</h3><table class="result"><tr><th>Exception</th></tr><tr><td><div class="stacktrace">java.lang.AssertionError: did not expect to find [true] but found [false]
	at Tests.Register.Cases.Regresion.TestNSymbolsForSurname.validCredentials(TestNSymbolsForSurname.java:55)
	at java.base/java.util.ArrayList.forEach(ArrayList.java:1541)
... Removed 41 stack frames</div></td></tr></table><p class="totop"><a href="#summary">back to summary</a></p>
<h3 id="m2">Tests.Register.Cases.Regresion.TestNumbersForName#validCredentials</h3><table class="result"><tr><th>Exception</th></tr><tr><td><div class="stacktrace">java.lang.AssertionError: did not expect to find [true] but found [false]
	at Tests.Register.Cases.Regresion.TestNumbersForName.validCredentials(TestNumbersForName.java:53)
	at java.base/java.util.ArrayList.forEach(ArrayList.java:1541)
... Removed 41 stack frames</div></td></tr></table><p class="totop"><a href="#summary">back to summary</a></p>
<h3 id="m3">Tests.Register.Cases.Regresion.TestNumbersForSurname#validCredentials</h3><table class="result"><tr><th>Exception</th></tr><tr><td><div class="stacktrace">java.lang.AssertionError: did not expect to find [true] but found [false]
	at Tests.Register.Cases.Regresion.TestNumbersForSurname.validCredentials(TestNumbersForSurname.java:52)
	at java.base/java.util.ArrayList.forEach(ArrayList.java:1541)
... Removed 41 stack frames</div></td></tr></table><p class="totop"><a href="#summary">back to summary</a></p>
<h3 id="m4">Tests.Register.Cases.Regresion.TestPasswordLimit#validCredentials</h3><table class="result"><tr><th>Exception</th></tr><tr><td><div class="stacktrace">java.lang.AssertionError: did not expect to find [true] but found [false]
	at Tests.Register.Cases.Regresion.TestPasswordLimit.validCredentials(TestPasswordLimit.java:54)
	at java.base/java.util.ArrayList.forEach(ArrayList.java:1541)
... Removed 41 stack frames</div></td></tr></table><p class="totop"><a href="#summary">back to summary</a></p>
<h3 id="m5">Tests.Register.Cases.Regresion.TestSymbolsForName#validCredentials</h3><table class="result"><tr><th>Exception</th></tr><tr><td><div class="stacktrace">java.lang.AssertionError: did not expect to find [true] but found [false]
	at Tests.Register.Cases.Regresion.TestSymbolsForName.validCredentials(TestSymbolsForName.java:55)
	at java.base/java.util.ArrayList.forEach(ArrayList.java:1541)
... Removed 41 stack frames</div></td></tr></table><p class="totop"><a href="#summary">back to summary</a></p>
<h3 id="m6">Tests.Register.Cases.Retesting.TestEmailInvalidDomain#validCredentials</h3><table class="result"><tr><th>Exception</th></tr><tr><td><div class="stacktrace">java.lang.AssertionError: did not expect to find [true] but found [false]
	at Tests.Register.Cases.Retesting.TestEmailInvalidDomain.validCredentials(TestEmailInvalidDomain.java:51)
	at java.base/java.util.ArrayList.forEach(ArrayList.java:1541)
... Removed 41 stack frames</div></td></tr></table><p class="totop"><a href="#summary">back to summary</a></p>
<h3 id="m7">Tests.Register.Cases.Retesting.TestNSymbolsForSurname#validCredentials</h3><table class="result"><tr><th>Exception</th></tr><tr><td><div class="stacktrace">java.lang.AssertionError: did not expect to find [true] but found [false]
	at Tests.Register.Cases.Retesting.TestNSymbolsForSurname.validCredentials(TestNSymbolsForSurname.java:52)
	at java.base/java.util.ArrayList.forEach(ArrayList.java:1541)
... Removed 41 stack frames</div></td></tr></table><p class="totop"><a href="#summary">back to summary</a></p>
<h3 id="m8">Tests.Register.Cases.Retesting.TestNumbersForName#validCredentials</h3><table class="result"><tr><th>Exception</th></tr><tr><td><div class="stacktrace">java.lang.AssertionError: did not expect to find [true] but found [false]
	at Tests.Register.Cases.Retesting.TestNumbersForName.validCredentials(TestNumbersForName.java:52)
	at java.base/java.util.ArrayList.forEach(ArrayList.java:1541)
... Removed 41 stack frames</div></td></tr></table><p class="totop"><a href="#summary">back to summary</a></p>
<h3 id="m9">Tests.Register.Cases.Retesting.TestNumbersForSurname#validCredentials</h3><table class="result"><tr><th>Exception</th></tr><tr><td><div class="stacktrace">java.lang.AssertionError: did not expect to find [true] but found [false]
	at Tests.Register.Cases.Retesting.TestNumbersForSurname.validCredentials(TestNumbersForSurname.java:52)
	at java.base/java.util.ArrayList.forEach(ArrayList.java:1541)
... Removed 41 stack frames</div></td></tr></table><p class="totop"><a href="#summary">back to summary</a></p>
<h3 id="m10">Tests.Register.Cases.Retesting.TestPasswordLimit#validCredentials</h3><table class="result"><tr><th>Exception</th></tr><tr><td><div class="stacktrace">java.lang.AssertionError: did not expect to find [true] but found [false]
	at Tests.Register.Cases.Retesting.TestPasswordLimit.validCredentials(TestPasswordLimit.java:53)
	at java.base/java.util.ArrayList.forEach(ArrayList.java:1541)
... Removed 41 stack frames</div></td></tr></table><p class="totop"><a href="#summary">back to summary</a></p>
<h3 id="m11">Tests.Register.Cases.Retesting.TestSymbolsForName#validCredentials</h3><table class="result"><tr><th>Exception</th></tr><tr><td><div class="stacktrace">java.lang.AssertionError: did not expect to find [true] but found [false]
	at Tests.Register.Cases.Retesting.TestSymbolsForName.validCredentials(TestSymbolsForName.java:54)
	at java.base/java.util.ArrayList.forEach(ArrayList.java:1541)
... Removed 41 stack frames</div></td></tr></table><p class="totop"><a href="#summary">back to summary</a></p>
<h3 id="m12">Tests.Register.Cases.KeyFlow.TestPositiveFlow#flowTest</h3><table class="result"><tr><th class="invisible"/></tr></table><p class="totop"><a href="#summary">back to summary</a></p>
<h3 id="m13">Tests.Register.Cases.Regresion.TestAcademySelection#validCredentials</h3><table class="result"><tr><th class="invisible"/></tr></table><p class="totop"><a href="#summary">back to summary</a></p>
<h3 id="m14">Tests.Register.Cases.Regresion.TestAcademySelectionMandatory#validCredentials</h3><table class="result"><tr><th class="invisible"/></tr></table><p class="totop"><a href="#summary">back to summary</a></p>
<h3 id="m15">Tests.Register.Cases.Regresion.TestAcademySelectionOnlyOne#validCredentials</h3><table class="result"><tr><th class="invisible"/></tr></table><p class="totop"><a href="#summary">back to summary</a></p>
<h3 id="m16">Tests.Register.Cases.Regresion.TestBiographyMandatory#validCredentials</h3><table class="result"><tr><th class="invisible"/></tr></table><p class="totop"><a href="#summary">back to summary</a></p>
<h3 id="m17">Tests.Register.Cases.Regresion.TestContinueRegistrationFourthForm#flowTest</h3><table class="result"><tr><th class="invisible"/></tr></table><p class="totop"><a href="#summary">back to summary</a></p>
<h3 id="m18">Tests.Register.Cases.Regresion.TestContinueRegistrationSecondForm#flowTest</h3><table class="result"><tr><th class="invisible"/></tr></table><p class="totop"><a href="#summary">back to summary</a></p>
<h3 id="m19">Tests.Register.Cases.Regresion.TestContinueRegistrationThirdForm#flowTest</h3><table class="result"><tr><th class="invisible"/></tr></table><p class="totop"><a href="#summary">back to summary</a></p>
<h3 id="m20">Tests.Register.Cases.Regresion.TestEmailMandatory#validCredentials</h3><table class="result"><tr><th class="invisible"/></tr></table><p class="totop"><a href="#summary">back to summary</a></p>
<h3 id="m21">Tests.Register.Cases.Regresion.TestNameMandatory#validCredentials</h3><table class="result"><tr><th class="invisible"/></tr></table><p class="totop"><a href="#summary">back to summary</a></p>
<h3 id="m22">Tests.Register.Cases.Regresion.TestNextButton#validCredentials</h3><table class="result"><tr><th class="invisible"/></tr></table><p class="totop"><a href="#summary">back to summary</a></p>
<h3 id="m23">Tests.Register.Cases.Regresion.TestPasswordMandatory#validCredentials</h3><table class="result"><tr><th class="invisible"/></tr></table><p class="totop"><a href="#summary">back to summary</a></p>
<h3 id="m24">Tests.Register.Cases.Regresion.TestSkillSelectLimit#validCredentials</h3><table class="result"><tr><th class="invisible"/></tr></table><p class="totop"><a href="#summary">back to summary</a></p>
<h3 id="m25">Tests.Register.Cases.Regresion.TestSkillSelectMin#validCredentials</h3><table class="result"><tr><th class="invisible"/></tr></table><p class="totop"><a href="#summary">back to summary</a></p>
<h3 id="m26">Tests.Register.Cases.Regresion.TestSurnameMandatory#validCredentials</h3><table class="result"><tr><th class="invisible"/></tr></table><p class="totop"><a href="#summary">back to summary</a></p>
</body>
</html>
