<!DOCTYPE html>

<html>
  <head>
  <meta charset='utf-8'>
  <title>TestNG reports</title>

    <link type="text/css" href="testng-reports.css" rel="stylesheet" />
    <script type="text/javascript" src="jquery-1.7.1.min.js"></script>
    <script type="text/javascript" src="testng-reports.js"></script>
    <script type="text/javascript" src="https://www.google.com/jsapi"></script>
    <script type='text/javascript'>
      google.load('visualization', '1', {packages:['table']});
      google.setOnLoadCallback(drawTable);
      var suiteTableInitFunctions = new Array();
      var suiteTableData = new Array();
    </script>
    <!--
      <script type="text/javascript" src="jquery-ui/js/jquery-ui-1.8.16.custom.min.js"></script>
     -->
  </head>

  <body>
    <div class="top-banner-root">
      <span class="top-banner-title-font">Test results</span>
      <br/>
      <span class="top-banner-font-1">1 suite, 12 failed tests</span>
    </div> <!-- top-banner-root -->
    <div class="navigator-root">
      <div class="navigator-suite-header">
        <span>All suites</span>
        <a href="#" title="Collapse/expand all the suites" class="collapse-all-link">
          <img src="collapseall.gif" class="collapse-all-icon">
          </img> <!-- collapse-all-icon -->
        </a> <!-- collapse-all-link -->
      </div> <!-- navigator-suite-header -->
      <div class="suite">
        <div class="rounded-window">
          <div class="suite-header light-rounded-window-top">
            <a href="#" panel-name="suite-Command_line_suite" class="navigator-link">
              <span class="suite-name border-failed">Command line suite</span>
            </a> <!-- navigator-link -->
          </div> <!-- suite-header light-rounded-window-top -->
          <div class="navigator-suite-content">
            <div class="suite-section-title">
              <span>Info</span>
            </div> <!-- suite-section-title -->
            <div class="suite-section-content">
              <ul>
                <li>
                  <a href="#" panel-name="test-xml-Command_line_suite" class="navigator-link ">
                    <span>[unset file name]</span>
                  </a> <!-- navigator-link  -->
                </li>
                <li>
                  <a href="#" panel-name="testlist-Command_line_suite" class="navigator-link ">
                    <span class="test-stats">1 test</span>
                  </a> <!-- navigator-link  -->
                </li>
                <li>
                  <a href="#" panel-name="group-Command_line_suite" class="navigator-link ">
                    <span>3 groups</span>
                  </a> <!-- navigator-link  -->
                </li>
                <li>
                  <a href="#" panel-name="times-Command_line_suite" class="navigator-link ">
                    <span>Times</span>
                  </a> <!-- navigator-link  -->
                </li>
                <li>
                  <a href="#" panel-name="reporter-Command_line_suite" class="navigator-link ">
                    <span>Reporter output</span>
                  </a> <!-- navigator-link  -->
                </li>
                <li>
                  <a href="#" panel-name="ignored-methods-Command_line_suite" class="navigator-link ">
                    <span>Ignored methods</span>
                  </a> <!-- navigator-link  -->
                </li>
                <li>
                  <a href="#" panel-name="chronological-Command_line_suite" class="navigator-link ">
                    <span>Chronological view</span>
                  </a> <!-- navigator-link  -->
                </li>
              </ul>
            </div> <!-- suite-section-content -->
            <div class="result-section">
              <div class="suite-section-title">
                <span>Results</span>
              </div> <!-- suite-section-title -->
              <div class="suite-section-content">
                <ul>
                  <li>
                    <span class="method-stats">27 methods, 12 failed,   15 passed</span>
                  </li>
                  <li>
                    <span class="method-list-title failed">Failed methods</span>
                    <span class="show-or-hide-methods failed">
                      <a href="#" panel-name="suite-Command_line_suite" class="hide-methods failed suite-Command_line_suite"> (hide)</a> <!-- hide-methods failed suite-Command_line_suite -->
                      <a href="#" panel-name="suite-Command_line_suite" class="show-methods failed suite-Command_line_suite"> (show)</a> <!-- show-methods failed suite-Command_line_suite -->
                    </span>
                    <div class="method-list-content failed suite-Command_line_suite">
                      <span>
                        <img src="failed.png" width="3%"/>
                        <a href="#" panel-name="suite-Command_line_suite" title="Tests.Register.Cases.Regresion.TestSymbolsForName" class="method navigator-link" hash-for-method="validCredentials">validCredentials</a> <!-- method navigator-link -->
                      </span>
                      <br/>
                      <span>
                        <img src="failed.png" width="3%"/>
                        <a href="#" panel-name="suite-Command_line_suite" title="Tests.Register.Cases.Retesting.TestNSymbolsForSurname" class="method navigator-link" hash-for-method="validCredentials">validCredentials</a> <!-- method navigator-link -->
                      </span>
                      <br/>
                      <span>
                        <img src="failed.png" width="3%"/>
                        <a href="#" panel-name="suite-Command_line_suite" title="Tests.Register.Cases.Retesting.TestSymbolsForName" class="method navigator-link" hash-for-method="validCredentials">validCredentials</a> <!-- method navigator-link -->
                      </span>
                      <br/>
                      <span>
                        <img src="failed.png" width="3%"/>
                        <a href="#" panel-name="suite-Command_line_suite" title="Tests.Register.Cases.Regresion.TestNumbersForSurname" class="method navigator-link" hash-for-method="validCredentials">validCredentials</a> <!-- method navigator-link -->
                      </span>
                      <br/>
                      <span>
                        <img src="failed.png" width="3%"/>
                        <a href="#" panel-name="suite-Command_line_suite" title="Tests.Register.Cases.Regresion.TestNumbersForName" class="method navigator-link" hash-for-method="validCredentials">validCredentials</a> <!-- method navigator-link -->
                      </span>
                      <br/>
                      <span>
                        <img src="failed.png" width="3%"/>
                        <a href="#" panel-name="suite-Command_line_suite" title="Tests.Register.Cases.Regresion.TestEmailInvalidDomain" class="method navigator-link" hash-for-method="validCredentials">validCredentials</a> <!-- method navigator-link -->
                      </span>
                      <br/>
                      <span>
                        <img src="failed.png" width="3%"/>
                        <a href="#" panel-name="suite-Command_line_suite" title="Tests.Register.Cases.Retesting.TestNumbersForSurname" class="method navigator-link" hash-for-method="validCredentials">validCredentials</a> <!-- method navigator-link -->
                      </span>
                      <br/>
                      <span>
                        <img src="failed.png" width="3%"/>
                        <a href="#" panel-name="suite-Command_line_suite" title="Tests.Register.Cases.Retesting.TestNumbersForName" class="method navigator-link" hash-for-method="validCredentials">validCredentials</a> <!-- method navigator-link -->
                      </span>
                      <br/>
                      <span>
                        <img src="failed.png" width="3%"/>
                        <a href="#" panel-name="suite-Command_line_suite" title="Tests.Register.Cases.Retesting.TestPasswordLimit" class="method navigator-link" hash-for-method="validCredentials">validCredentials</a> <!-- method navigator-link -->
                      </span>
                      <br/>
                      <span>
                        <img src="failed.png" width="3%"/>
                        <a href="#" panel-name="suite-Command_line_suite" title="Tests.Register.Cases.Regresion.TestNSymbolsForSurname" class="method navigator-link" hash-for-method="validCredentials">validCredentials</a> <!-- method navigator-link -->
                      </span>
                      <br/>
                      <span>
                        <img src="failed.png" width="3%"/>
                        <a href="#" panel-name="suite-Command_line_suite" title="Tests.Register.Cases.Regresion.TestPasswordLimit" class="method navigator-link" hash-for-method="validCredentials">validCredentials</a> <!-- method navigator-link -->
                      </span>
                      <br/>
                      <span>
                        <img src="failed.png" width="3%"/>
                        <a href="#" panel-name="suite-Command_line_suite" title="Tests.Register.Cases.Retesting.TestEmailInvalidDomain" class="method navigator-link" hash-for-method="validCredentials">validCredentials</a> <!-- method navigator-link -->
                      </span>
                      <br/>
                    </div> <!-- method-list-content failed suite-Command_line_suite -->
                  </li>
                  <li>
                    <span class="method-list-title passed">Passed methods</span>
                    <span class="show-or-hide-methods passed">
                      <a href="#" panel-name="suite-Command_line_suite" class="hide-methods passed suite-Command_line_suite"> (hide)</a> <!-- hide-methods passed suite-Command_line_suite -->
                      <a href="#" panel-name="suite-Command_line_suite" class="show-methods passed suite-Command_line_suite"> (show)</a> <!-- show-methods passed suite-Command_line_suite -->
                    </span>
                    <div class="method-list-content passed suite-Command_line_suite">
                      <span>
                        <img src="passed.png" width="3%"/>
                        <a href="#" panel-name="suite-Command_line_suite" title="Tests.Register.Cases.Regresion.TestContinueRegistrationSecondForm" class="method navigator-link" hash-for-method="flowTest">flowTest</a> <!-- method navigator-link -->
                      </span>
                      <br/>
                      <span>
                        <img src="passed.png" width="3%"/>
                        <a href="#" panel-name="suite-Command_line_suite" title="Tests.Register.Cases.Regresion.TestContinueRegistrationFourthForm" class="method navigator-link" hash-for-method="flowTest">flowTest</a> <!-- method navigator-link -->
                      </span>
                      <br/>
                      <span>
                        <img src="passed.png" width="3%"/>
                        <a href="#" panel-name="suite-Command_line_suite" title="Tests.Register.Cases.KeyFlow.TestPositiveFlow" class="method navigator-link" hash-for-method="flowTest">flowTest</a> <!-- method navigator-link -->
                      </span>
                      <br/>
                      <span>
                        <img src="passed.png" width="3%"/>
                        <a href="#" panel-name="suite-Command_line_suite" title="Tests.Register.Cases.Regresion.TestContinueRegistrationThirdForm" class="method navigator-link" hash-for-method="flowTest">flowTest</a> <!-- method navigator-link -->
                      </span>
                      <br/>
                      <span>
                        <img src="passed.png" width="3%"/>
                        <a href="#" panel-name="suite-Command_line_suite" title="Tests.Register.Cases.Regresion.TestSkillSelectMin" class="method navigator-link" hash-for-method="validCredentials">validCredentials</a> <!-- method navigator-link -->
                      </span>
                      <br/>
                      <span>
                        <img src="passed.png" width="3%"/>
                        <a href="#" panel-name="suite-Command_line_suite" title="Tests.Register.Cases.Regresion.TestAcademySelection" class="method navigator-link" hash-for-method="validCredentials">validCredentials</a> <!-- method navigator-link -->
                      </span>
                      <br/>
                      <span>
                        <img src="passed.png" width="3%"/>
                        <a href="#" panel-name="suite-Command_line_suite" title="Tests.Register.Cases.Regresion.TestEmailMandatory" class="method navigator-link" hash-for-method="validCredentials">validCredentials</a> <!-- method navigator-link -->
                      </span>
                      <br/>
                      <span>
                        <img src="passed.png" width="3%"/>
                        <a href="#" panel-name="suite-Command_line_suite" title="Tests.Register.Cases.Regresion.TestBiographyMandatory" class="method navigator-link" hash-for-method="validCredentials">validCredentials</a> <!-- method navigator-link -->
                      </span>
                      <br/>
                      <span>
                        <img src="passed.png" width="3%"/>
                        <a href="#" panel-name="suite-Command_line_suite" title="Tests.Register.Cases.Regresion.TestNameMandatory" class="method navigator-link" hash-for-method="validCredentials">validCredentials</a> <!-- method navigator-link -->
                      </span>
                      <br/>
                      <span>
                        <img src="passed.png" width="3%"/>
                        <a href="#" panel-name="suite-Command_line_suite" title="Tests.Register.Cases.Regresion.TestNextButton" class="method navigator-link" hash-for-method="validCredentials">validCredentials</a> <!-- method navigator-link -->
                      </span>
                      <br/>
                      <span>
                        <img src="passed.png" width="3%"/>
                        <a href="#" panel-name="suite-Command_line_suite" title="Tests.Register.Cases.Regresion.TestSkillSelectLimit" class="method navigator-link" hash-for-method="validCredentials">validCredentials</a> <!-- method navigator-link -->
                      </span>
                      <br/>
                      <span>
                        <img src="passed.png" width="3%"/>
                        <a href="#" panel-name="suite-Command_line_suite" title="Tests.Register.Cases.Regresion.TestAcademySelectionOnlyOne" class="method navigator-link" hash-for-method="validCredentials">validCredentials</a> <!-- method navigator-link -->
                      </span>
                      <br/>
                      <span>
                        <img src="passed.png" width="3%"/>
                        <a href="#" panel-name="suite-Command_line_suite" title="Tests.Register.Cases.Regresion.TestAcademySelectionMandatory" class="method navigator-link" hash-for-method="validCredentials">validCredentials</a> <!-- method navigator-link -->
                      </span>
                      <br/>
                      <span>
                        <img src="passed.png" width="3%"/>
                        <a href="#" panel-name="suite-Command_line_suite" title="Tests.Register.Cases.Regresion.TestSurnameMandatory" class="method navigator-link" hash-for-method="validCredentials">validCredentials</a> <!-- method navigator-link -->
                      </span>
                      <br/>
                      <span>
                        <img src="passed.png" width="3%"/>
                        <a href="#" panel-name="suite-Command_line_suite" title="Tests.Register.Cases.Regresion.TestPasswordMandatory" class="method navigator-link" hash-for-method="validCredentials">validCredentials</a> <!-- method navigator-link -->
                      </span>
                      <br/>
                    </div> <!-- method-list-content passed suite-Command_line_suite -->
                  </li>
                </ul>
              </div> <!-- suite-section-content -->
            </div> <!-- result-section -->
          </div> <!-- navigator-suite-content -->
        </div> <!-- rounded-window -->
      </div> <!-- suite -->
    </div> <!-- navigator-root -->
    <div class="wrapper">
      <div class="main-panel-root">
        <div panel-name="suite-Command_line_suite" class="panel Command_line_suite">
          <div class="suite-Command_line_suite-class-failed">
            <div class="main-panel-header rounded-window-top">
              <img src="failed.png"/>
              <span class="class-name">Tests.Register.Cases.Retesting.TestSymbolsForName</span>
            </div> <!-- main-panel-header rounded-window-top -->
            <div class="main-panel-content rounded-window-bottom">
              <div class="method">
                <div class="method-content">
                  <a name="validCredentials">
                  </a> <!-- validCredentials -->
                  <span class="method-name">validCredentials</span>
                  <div class="stack-trace">java.lang.AssertionError: did not expect to find [true] but found [false]
	at Tests.Register.Cases.Retesting.TestSymbolsForName.validCredentials(TestSymbolsForName.java:54)
	at java.base/java.util.ArrayList.forEach(ArrayList.java:1541)
... Removed 41 stack frames
</div> <!-- stack-trace -->
                </div> <!-- method-content -->
              </div> <!-- method -->
            </div> <!-- main-panel-content rounded-window-bottom -->
          </div> <!-- suite-Command_line_suite-class-failed -->
          <div class="suite-Command_line_suite-class-failed">
            <div class="main-panel-header rounded-window-top">
              <img src="failed.png"/>
              <span class="class-name">Tests.Register.Cases.Regresion.TestSymbolsForName</span>
            </div> <!-- main-panel-header rounded-window-top -->
            <div class="main-panel-content rounded-window-bottom">
              <div class="method">
                <div class="method-content">
                  <a name="validCredentials">
                  </a> <!-- validCredentials -->
                  <span class="method-name">validCredentials</span>
                  <div class="stack-trace">java.lang.AssertionError: did not expect to find [true] but found [false]
	at Tests.Register.Cases.Regresion.TestSymbolsForName.validCredentials(TestSymbolsForName.java:55)
	at java.base/java.util.ArrayList.forEach(ArrayList.java:1541)
... Removed 41 stack frames
</div> <!-- stack-trace -->
                </div> <!-- method-content -->
              </div> <!-- method -->
            </div> <!-- main-panel-content rounded-window-bottom -->
          </div> <!-- suite-Command_line_suite-class-failed -->
          <div class="suite-Command_line_suite-class-failed">
            <div class="main-panel-header rounded-window-top">
              <img src="failed.png"/>
              <span class="class-name">Tests.Register.Cases.Regresion.TestEmailInvalidDomain</span>
            </div> <!-- main-panel-header rounded-window-top -->
            <div class="main-panel-content rounded-window-bottom">
              <div class="method">
                <div class="method-content">
                  <a name="validCredentials">
                  </a> <!-- validCredentials -->
                  <span class="method-name">validCredentials</span>
                  <div class="stack-trace">java.lang.AssertionError: did not expect to find [true] but found [false]
	at Tests.Register.Cases.Regresion.TestEmailInvalidDomain.validCredentials(TestEmailInvalidDomain.java:52)
	at java.base/java.util.ArrayList.forEach(ArrayList.java:1541)
... Removed 41 stack frames
</div> <!-- stack-trace -->
                </div> <!-- method-content -->
              </div> <!-- method -->
            </div> <!-- main-panel-content rounded-window-bottom -->
          </div> <!-- suite-Command_line_suite-class-failed -->
          <div class="suite-Command_line_suite-class-failed">
            <div class="main-panel-header rounded-window-top">
              <img src="failed.png"/>
              <span class="class-name">Tests.Register.Cases.Retesting.TestNSymbolsForSurname</span>
            </div> <!-- main-panel-header rounded-window-top -->
            <div class="main-panel-content rounded-window-bottom">
              <div class="method">
                <div class="method-content">
                  <a name="validCredentials">
                  </a> <!-- validCredentials -->
                  <span class="method-name">validCredentials</span>
                  <div class="stack-trace">java.lang.AssertionError: did not expect to find [true] but found [false]
	at Tests.Register.Cases.Retesting.TestNSymbolsForSurname.validCredentials(TestNSymbolsForSurname.java:52)
	at java.base/java.util.ArrayList.forEach(ArrayList.java:1541)
... Removed 41 stack frames
</div> <!-- stack-trace -->
                </div> <!-- method-content -->
              </div> <!-- method -->
            </div> <!-- main-panel-content rounded-window-bottom -->
          </div> <!-- suite-Command_line_suite-class-failed -->
          <div class="suite-Command_line_suite-class-failed">
            <div class="main-panel-header rounded-window-top">
              <img src="failed.png"/>
              <span class="class-name">Tests.Register.Cases.Retesting.TestNumbersForSurname</span>
            </div> <!-- main-panel-header rounded-window-top -->
            <div class="main-panel-content rounded-window-bottom">
              <div class="method">
                <div class="method-content">
                  <a name="validCredentials">
                  </a> <!-- validCredentials -->
                  <span class="method-name">validCredentials</span>
                  <div class="stack-trace">java.lang.AssertionError: did not expect to find [true] but found [false]
	at Tests.Register.Cases.Retesting.TestNumbersForSurname.validCredentials(TestNumbersForSurname.java:52)
	at java.base/java.util.ArrayList.forEach(ArrayList.java:1541)
... Removed 41 stack frames
</div> <!-- stack-trace -->
                </div> <!-- method-content -->
              </div> <!-- method -->
            </div> <!-- main-panel-content rounded-window-bottom -->
          </div> <!-- suite-Command_line_suite-class-failed -->
          <div class="suite-Command_line_suite-class-failed">
            <div class="main-panel-header rounded-window-top">
              <img src="failed.png"/>
              <span class="class-name">Tests.Register.Cases.Regresion.TestNSymbolsForSurname</span>
            </div> <!-- main-panel-header rounded-window-top -->
            <div class="main-panel-content rounded-window-bottom">
              <div class="method">
                <div class="method-content">
                  <a name="validCredentials">
                  </a> <!-- validCredentials -->
                  <span class="method-name">validCredentials</span>
                  <div class="stack-trace">java.lang.AssertionError: did not expect to find [true] but found [false]
	at Tests.Register.Cases.Regresion.TestNSymbolsForSurname.validCredentials(TestNSymbolsForSurname.java:55)
	at java.base/java.util.ArrayList.forEach(ArrayList.java:1541)
... Removed 41 stack frames
</div> <!-- stack-trace -->
                </div> <!-- method-content -->
              </div> <!-- method -->
            </div> <!-- main-panel-content rounded-window-bottom -->
          </div> <!-- suite-Command_line_suite-class-failed -->
          <div class="suite-Command_line_suite-class-failed">
            <div class="main-panel-header rounded-window-top">
              <img src="failed.png"/>
              <span class="class-name">Tests.Register.Cases.Retesting.TestNumbersForName</span>
            </div> <!-- main-panel-header rounded-window-top -->
            <div class="main-panel-content rounded-window-bottom">
              <div class="method">
                <div class="method-content">
                  <a name="validCredentials">
                  </a> <!-- validCredentials -->
                  <span class="method-name">validCredentials</span>
                  <div class="stack-trace">java.lang.AssertionError: did not expect to find [true] but found [false]
	at Tests.Register.Cases.Retesting.TestNumbersForName.validCredentials(TestNumbersForName.java:52)
	at java.base/java.util.ArrayList.forEach(ArrayList.java:1541)
... Removed 41 stack frames
</div> <!-- stack-trace -->
                </div> <!-- method-content -->
              </div> <!-- method -->
            </div> <!-- main-panel-content rounded-window-bottom -->
          </div> <!-- suite-Command_line_suite-class-failed -->
          <div class="suite-Command_line_suite-class-failed">
            <div class="main-panel-header rounded-window-top">
              <img src="failed.png"/>
              <span class="class-name">Tests.Register.Cases.Regresion.TestPasswordLimit</span>
            </div> <!-- main-panel-header rounded-window-top -->
            <div class="main-panel-content rounded-window-bottom">
              <div class="method">
                <div class="method-content">
                  <a name="validCredentials">
                  </a> <!-- validCredentials -->
                  <span class="method-name">validCredentials</span>
                  <div class="stack-trace">java.lang.AssertionError: did not expect to find [true] but found [false]
	at Tests.Register.Cases.Regresion.TestPasswordLimit.validCredentials(TestPasswordLimit.java:54)
	at java.base/java.util.ArrayList.forEach(ArrayList.java:1541)
... Removed 41 stack frames
</div> <!-- stack-trace -->
                </div> <!-- method-content -->
              </div> <!-- method -->
            </div> <!-- main-panel-content rounded-window-bottom -->
          </div> <!-- suite-Command_line_suite-class-failed -->
          <div class="suite-Command_line_suite-class-failed">
            <div class="main-panel-header rounded-window-top">
              <img src="failed.png"/>
              <span class="class-name">Tests.Register.Cases.Retesting.TestEmailInvalidDomain</span>
            </div> <!-- main-panel-header rounded-window-top -->
            <div class="main-panel-content rounded-window-bottom">
              <div class="method">
                <div class="method-content">
                  <a name="validCredentials">
                  </a> <!-- validCredentials -->
                  <span class="method-name">validCredentials</span>
                  <div class="stack-trace">java.lang.AssertionError: did not expect to find [true] but found [false]
	at Tests.Register.Cases.Retesting.TestEmailInvalidDomain.validCredentials(TestEmailInvalidDomain.java:51)
	at java.base/java.util.ArrayList.forEach(ArrayList.java:1541)
... Removed 41 stack frames
</div> <!-- stack-trace -->
                </div> <!-- method-content -->
              </div> <!-- method -->
            </div> <!-- main-panel-content rounded-window-bottom -->
          </div> <!-- suite-Command_line_suite-class-failed -->
          <div class="suite-Command_line_suite-class-failed">
            <div class="main-panel-header rounded-window-top">
              <img src="failed.png"/>
              <span class="class-name">Tests.Register.Cases.Retesting.TestPasswordLimit</span>
            </div> <!-- main-panel-header rounded-window-top -->
            <div class="main-panel-content rounded-window-bottom">
              <div class="method">
                <div class="method-content">
                  <a name="validCredentials">
                  </a> <!-- validCredentials -->
                  <span class="method-name">validCredentials</span>
                  <div class="stack-trace">java.lang.AssertionError: did not expect to find [true] but found [false]
	at Tests.Register.Cases.Retesting.TestPasswordLimit.validCredentials(TestPasswordLimit.java:53)
	at java.base/java.util.ArrayList.forEach(ArrayList.java:1541)
... Removed 41 stack frames
</div> <!-- stack-trace -->
                </div> <!-- method-content -->
              </div> <!-- method -->
            </div> <!-- main-panel-content rounded-window-bottom -->
          </div> <!-- suite-Command_line_suite-class-failed -->
          <div class="suite-Command_line_suite-class-failed">
            <div class="main-panel-header rounded-window-top">
              <img src="failed.png"/>
              <span class="class-name">Tests.Register.Cases.Regresion.TestNumbersForName</span>
            </div> <!-- main-panel-header rounded-window-top -->
            <div class="main-panel-content rounded-window-bottom">
              <div class="method">
                <div class="method-content">
                  <a name="validCredentials">
                  </a> <!-- validCredentials -->
                  <span class="method-name">validCredentials</span>
                  <div class="stack-trace">java.lang.AssertionError: did not expect to find [true] but found [false]
	at Tests.Register.Cases.Regresion.TestNumbersForName.validCredentials(TestNumbersForName.java:53)
	at java.base/java.util.ArrayList.forEach(ArrayList.java:1541)
... Removed 41 stack frames
</div> <!-- stack-trace -->
                </div> <!-- method-content -->
              </div> <!-- method -->
            </div> <!-- main-panel-content rounded-window-bottom -->
          </div> <!-- suite-Command_line_suite-class-failed -->
          <div class="suite-Command_line_suite-class-failed">
            <div class="main-panel-header rounded-window-top">
              <img src="failed.png"/>
              <span class="class-name">Tests.Register.Cases.Regresion.TestNumbersForSurname</span>
            </div> <!-- main-panel-header rounded-window-top -->
            <div class="main-panel-content rounded-window-bottom">
              <div class="method">
                <div class="method-content">
                  <a name="validCredentials">
                  </a> <!-- validCredentials -->
                  <span class="method-name">validCredentials</span>
                  <div class="stack-trace">java.lang.AssertionError: did not expect to find [true] but found [false]
	at Tests.Register.Cases.Regresion.TestNumbersForSurname.validCredentials(TestNumbersForSurname.java:52)
	at java.base/java.util.ArrayList.forEach(ArrayList.java:1541)
... Removed 41 stack frames
</div> <!-- stack-trace -->
                </div> <!-- method-content -->
              </div> <!-- method -->
            </div> <!-- main-panel-content rounded-window-bottom -->
          </div> <!-- suite-Command_line_suite-class-failed -->
          <div class="suite-Command_line_suite-class-passed">
            <div class="main-panel-header rounded-window-top">
              <img src="passed.png"/>
              <span class="class-name">Tests.Register.Cases.Regresion.TestContinueRegistrationFourthForm</span>
            </div> <!-- main-panel-header rounded-window-top -->
            <div class="main-panel-content rounded-window-bottom">
              <div class="method">
                <div class="method-content">
                  <a name="flowTest">
                  </a> <!-- flowTest -->
                  <span class="method-name">flowTest</span>
                </div> <!-- method-content -->
              </div> <!-- method -->
            </div> <!-- main-panel-content rounded-window-bottom -->
          </div> <!-- suite-Command_line_suite-class-passed -->
          <div class="suite-Command_line_suite-class-passed">
            <div class="main-panel-header rounded-window-top">
              <img src="passed.png"/>
              <span class="class-name">Tests.Register.Cases.Regresion.TestAcademySelectionOnlyOne</span>
            </div> <!-- main-panel-header rounded-window-top -->
            <div class="main-panel-content rounded-window-bottom">
              <div class="method">
                <div class="method-content">
                  <a name="validCredentials">
                  </a> <!-- validCredentials -->
                  <span class="method-name">validCredentials</span>
                </div> <!-- method-content -->
              </div> <!-- method -->
            </div> <!-- main-panel-content rounded-window-bottom -->
          </div> <!-- suite-Command_line_suite-class-passed -->
          <div class="suite-Command_line_suite-class-passed">
            <div class="main-panel-header rounded-window-top">
              <img src="passed.png"/>
              <span class="class-name">Tests.Register.Cases.Regresion.TestAcademySelectionMandatory</span>
            </div> <!-- main-panel-header rounded-window-top -->
            <div class="main-panel-content rounded-window-bottom">
              <div class="method">
                <div class="method-content">
                  <a name="validCredentials">
                  </a> <!-- validCredentials -->
                  <span class="method-name">validCredentials</span>
                </div> <!-- method-content -->
              </div> <!-- method -->
            </div> <!-- main-panel-content rounded-window-bottom -->
          </div> <!-- suite-Command_line_suite-class-passed -->
          <div class="suite-Command_line_suite-class-passed">
            <div class="main-panel-header rounded-window-top">
              <img src="passed.png"/>
              <span class="class-name">Tests.Register.Cases.Regresion.TestBiographyMandatory</span>
            </div> <!-- main-panel-header rounded-window-top -->
            <div class="main-panel-content rounded-window-bottom">
              <div class="method">
                <div class="method-content">
                  <a name="validCredentials">
                  </a> <!-- validCredentials -->
                  <span class="method-name">validCredentials</span>
                </div> <!-- method-content -->
              </div> <!-- method -->
            </div> <!-- main-panel-content rounded-window-bottom -->
          </div> <!-- suite-Command_line_suite-class-passed -->
          <div class="suite-Command_line_suite-class-passed">
            <div class="main-panel-header rounded-window-top">
              <img src="passed.png"/>
              <span class="class-name">Tests.Register.Cases.Regresion.TestNextButton</span>
            </div> <!-- main-panel-header rounded-window-top -->
            <div class="main-panel-content rounded-window-bottom">
              <div class="method">
                <div class="method-content">
                  <a name="validCredentials">
                  </a> <!-- validCredentials -->
                  <span class="method-name">validCredentials</span>
                </div> <!-- method-content -->
              </div> <!-- method -->
            </div> <!-- main-panel-content rounded-window-bottom -->
          </div> <!-- suite-Command_line_suite-class-passed -->
          <div class="suite-Command_line_suite-class-passed">
            <div class="main-panel-header rounded-window-top">
              <img src="passed.png"/>
              <span class="class-name">Tests.Register.Cases.Regresion.TestPasswordMandatory</span>
            </div> <!-- main-panel-header rounded-window-top -->
            <div class="main-panel-content rounded-window-bottom">
              <div class="method">
                <div class="method-content">
                  <a name="validCredentials">
                  </a> <!-- validCredentials -->
                  <span class="method-name">validCredentials</span>
                </div> <!-- method-content -->
              </div> <!-- method -->
            </div> <!-- main-panel-content rounded-window-bottom -->
          </div> <!-- suite-Command_line_suite-class-passed -->
          <div class="suite-Command_line_suite-class-passed">
            <div class="main-panel-header rounded-window-top">
              <img src="passed.png"/>
              <span class="class-name">Tests.Register.Cases.KeyFlow.TestPositiveFlow</span>
            </div> <!-- main-panel-header rounded-window-top -->
            <div class="main-panel-content rounded-window-bottom">
              <div class="method">
                <div class="method-content">
                  <a name="flowTest">
                  </a> <!-- flowTest -->
                  <span class="method-name">flowTest</span>
                </div> <!-- method-content -->
              </div> <!-- method -->
            </div> <!-- main-panel-content rounded-window-bottom -->
          </div> <!-- suite-Command_line_suite-class-passed -->
          <div class="suite-Command_line_suite-class-passed">
            <div class="main-panel-header rounded-window-top">
              <img src="passed.png"/>
              <span class="class-name">Tests.Register.Cases.Regresion.TestSkillSelectMin</span>
            </div> <!-- main-panel-header rounded-window-top -->
            <div class="main-panel-content rounded-window-bottom">
              <div class="method">
                <div class="method-content">
                  <a name="validCredentials">
                  </a> <!-- validCredentials -->
                  <span class="method-name">validCredentials</span>
                </div> <!-- method-content -->
              </div> <!-- method -->
            </div> <!-- main-panel-content rounded-window-bottom -->
          </div> <!-- suite-Command_line_suite-class-passed -->
          <div class="suite-Command_line_suite-class-passed">
            <div class="main-panel-header rounded-window-top">
              <img src="passed.png"/>
              <span class="class-name">Tests.Register.Cases.Regresion.TestAcademySelection</span>
            </div> <!-- main-panel-header rounded-window-top -->
            <div class="main-panel-content rounded-window-bottom">
              <div class="method">
                <div class="method-content">
                  <a name="validCredentials">
                  </a> <!-- validCredentials -->
                  <span class="method-name">validCredentials</span>
                </div> <!-- method-content -->
              </div> <!-- method -->
            </div> <!-- main-panel-content rounded-window-bottom -->
          </div> <!-- suite-Command_line_suite-class-passed -->
          <div class="suite-Command_line_suite-class-passed">
            <div class="main-panel-header rounded-window-top">
              <img src="passed.png"/>
              <span class="class-name">Tests.Register.Cases.Regresion.TestSkillSelectLimit</span>
            </div> <!-- main-panel-header rounded-window-top -->
            <div class="main-panel-content rounded-window-bottom">
              <div class="method">
                <div class="method-content">
                  <a name="validCredentials">
                  </a> <!-- validCredentials -->
                  <span class="method-name">validCredentials</span>
                </div> <!-- method-content -->
              </div> <!-- method -->
            </div> <!-- main-panel-content rounded-window-bottom -->
          </div> <!-- suite-Command_line_suite-class-passed -->
          <div class="suite-Command_line_suite-class-passed">
            <div class="main-panel-header rounded-window-top">
              <img src="passed.png"/>
              <span class="class-name">Tests.Register.Cases.Regresion.TestNameMandatory</span>
            </div> <!-- main-panel-header rounded-window-top -->
            <div class="main-panel-content rounded-window-bottom">
              <div class="method">
                <div class="method-content">
                  <a name="validCredentials">
                  </a> <!-- validCredentials -->
                  <span class="method-name">validCredentials</span>
                </div> <!-- method-content -->
              </div> <!-- method -->
            </div> <!-- main-panel-content rounded-window-bottom -->
          </div> <!-- suite-Command_line_suite-class-passed -->
          <div class="suite-Command_line_suite-class-passed">
            <div class="main-panel-header rounded-window-top">
              <img src="passed.png"/>
              <span class="class-name">Tests.Register.Cases.Regresion.TestContinueRegistrationSecondForm</span>
            </div> <!-- main-panel-header rounded-window-top -->
            <div class="main-panel-content rounded-window-bottom">
              <div class="method">
                <div class="method-content">
                  <a name="flowTest">
                  </a> <!-- flowTest -->
                  <span class="method-name">flowTest</span>
                </div> <!-- method-content -->
              </div> <!-- method -->
            </div> <!-- main-panel-content rounded-window-bottom -->
          </div> <!-- suite-Command_line_suite-class-passed -->
          <div class="suite-Command_line_suite-class-passed">
            <div class="main-panel-header rounded-window-top">
              <img src="passed.png"/>
              <span class="class-name">Tests.Register.Cases.Regresion.TestEmailMandatory</span>
            </div> <!-- main-panel-header rounded-window-top -->
            <div class="main-panel-content rounded-window-bottom">
              <div class="method">
                <div class="method-content">
                  <a name="validCredentials">
                  </a> <!-- validCredentials -->
                  <span class="method-name">validCredentials</span>
                </div> <!-- method-content -->
              </div> <!-- method -->
            </div> <!-- main-panel-content rounded-window-bottom -->
          </div> <!-- suite-Command_line_suite-class-passed -->
          <div class="suite-Command_line_suite-class-passed">
            <div class="main-panel-header rounded-window-top">
              <img src="passed.png"/>
              <span class="class-name">Tests.Register.Cases.Regresion.TestContinueRegistrationThirdForm</span>
            </div> <!-- main-panel-header rounded-window-top -->
            <div class="main-panel-content rounded-window-bottom">
              <div class="method">
                <div class="method-content">
                  <a name="flowTest">
                  </a> <!-- flowTest -->
                  <span class="method-name">flowTest</span>
                </div> <!-- method-content -->
              </div> <!-- method -->
            </div> <!-- main-panel-content rounded-window-bottom -->
          </div> <!-- suite-Command_line_suite-class-passed -->
          <div class="suite-Command_line_suite-class-passed">
            <div class="main-panel-header rounded-window-top">
              <img src="passed.png"/>
              <span class="class-name">Tests.Register.Cases.Regresion.TestSurnameMandatory</span>
            </div> <!-- main-panel-header rounded-window-top -->
            <div class="main-panel-content rounded-window-bottom">
              <div class="method">
                <div class="method-content">
                  <a name="validCredentials">
                  </a> <!-- validCredentials -->
                  <span class="method-name">validCredentials</span>
                </div> <!-- method-content -->
              </div> <!-- method -->
            </div> <!-- main-panel-content rounded-window-bottom -->
          </div> <!-- suite-Command_line_suite-class-passed -->
        </div> <!-- panel Command_line_suite -->
        <div panel-name="test-xml-Command_line_suite" class="panel">
          <div class="main-panel-header rounded-window-top">
          </div> <!-- main-panel-header rounded-window-top -->
          <div class="main-panel-content rounded-window-bottom">
            <pre>
&lt;?xml version=&quot;1.0&quot; encoding=&quot;UTF-8&quot;?&gt;
&lt;!DOCTYPE suite SYSTEM &quot;https://testng.org/testng-1.0.dtd&quot;&gt;
&lt;suite name=&quot;Command line suite&quot; verbose=&quot;0&quot;&gt;
  &lt;test thread-count=&quot;5&quot; name=&quot;Command line test&quot; verbose=&quot;0&quot;&gt;
    &lt;classes&gt;
      &lt;class name=&quot;Tests.Register.Cases.KeyFlow.TestPositiveFlow&quot;/&gt;
      &lt;class name=&quot;Tests.Register.Cases.Regresion.TestAcademySelection&quot;/&gt;
      &lt;class name=&quot;Tests.Register.Cases.Regresion.TestAcademySelectionMandatory&quot;/&gt;
      &lt;class name=&quot;Tests.Register.Cases.Regresion.TestAcademySelectionOnlyOne&quot;/&gt;
      &lt;class name=&quot;Tests.Register.Cases.Regresion.TestBiographyMandatory&quot;/&gt;
      &lt;class name=&quot;Tests.Register.Cases.Regresion.TestContinueRegistrationFourthForm&quot;/&gt;
      &lt;class name=&quot;Tests.Register.Cases.Regresion.TestContinueRegistrationSecondForm&quot;/&gt;
      &lt;class name=&quot;Tests.Register.Cases.Regresion.TestContinueRegistrationThirdForm&quot;/&gt;
      &lt;class name=&quot;Tests.Register.Cases.Regresion.TestEmailInvalidDomain&quot;/&gt;
      &lt;class name=&quot;Tests.Register.Cases.Regresion.TestEmailMandatory&quot;/&gt;
      &lt;class name=&quot;Tests.Register.Cases.Regresion.TestNameMandatory&quot;/&gt;
      &lt;class name=&quot;Tests.Register.Cases.Regresion.TestNextButton&quot;/&gt;
      &lt;class name=&quot;Tests.Register.Cases.Regresion.TestNSymbolsForSurname&quot;/&gt;
      &lt;class name=&quot;Tests.Register.Cases.Regresion.TestNumbersForName&quot;/&gt;
      &lt;class name=&quot;Tests.Register.Cases.Regresion.TestNumbersForSurname&quot;/&gt;
      &lt;class name=&quot;Tests.Register.Cases.Regresion.TestPasswordLimit&quot;/&gt;
      &lt;class name=&quot;Tests.Register.Cases.Regresion.TestPasswordMandatory&quot;/&gt;
      &lt;class name=&quot;Tests.Register.Cases.Regresion.TestSkillSelectLimit&quot;/&gt;
      &lt;class name=&quot;Tests.Register.Cases.Regresion.TestSkillSelectMin&quot;/&gt;
      &lt;class name=&quot;Tests.Register.Cases.Regresion.TestSurnameMandatory&quot;/&gt;
      &lt;class name=&quot;Tests.Register.Cases.Regresion.TestSymbolsForName&quot;/&gt;
      &lt;class name=&quot;Tests.Register.Cases.Retesting.TestEmailInvalidDomain&quot;/&gt;
      &lt;class name=&quot;Tests.Register.Cases.Retesting.TestNSymbolsForSurname&quot;/&gt;
      &lt;class name=&quot;Tests.Register.Cases.Retesting.TestNumbersForName&quot;/&gt;
      &lt;class name=&quot;Tests.Register.Cases.Retesting.TestNumbersForSurname&quot;/&gt;
      &lt;class name=&quot;Tests.Register.Cases.Retesting.TestPasswordLimit&quot;/&gt;
      &lt;class name=&quot;Tests.Register.Cases.Retesting.TestSymbolsForName&quot;/&gt;
    &lt;/classes&gt;
  &lt;/test&gt; &lt;!-- Command line test --&gt;
&lt;/suite&gt; &lt;!-- Command line suite --&gt;
            </pre>
          </div> <!-- main-panel-content rounded-window-bottom -->
        </div> <!-- panel -->
        <div panel-name="testlist-Command_line_suite" class="panel">
          <div class="main-panel-header rounded-window-top">
            <span class="header-content">Tests for Command line suite</span>
          </div> <!-- main-panel-header rounded-window-top -->
          <div class="main-panel-content rounded-window-bottom">
            <ul>
              <li>
                <span class="test-name">Command line test (27 classes)</span>
              </li>
            </ul>
          </div> <!-- main-panel-content rounded-window-bottom -->
        </div> <!-- panel -->
        <div panel-name="group-Command_line_suite" class="panel">
          <div class="main-panel-header rounded-window-top">
            <span class="header-content">Groups for Command line suite</span>
          </div> <!-- main-panel-header rounded-window-top -->
          <div class="main-panel-content rounded-window-bottom">
            <div class="test-group">
              <span class="test-group-name">Flow</span>
              <br/>
              <div class="method-in-group">
                <span class="method-in-group-name">flowTest</span>
                <br/>
              </div> <!-- method-in-group -->
            </div> <!-- test-group -->
            <div class="test-group">
              <span class="test-group-name">Regresion</span>
              <br/>
              <div class="method-in-group">
                <span class="method-in-group-name">flowTest</span>
                <br/>
              </div> <!-- method-in-group -->
              <div class="method-in-group">
                <span class="method-in-group-name">validCredentials</span>
                <br/>
              </div> <!-- method-in-group -->
            </div> <!-- test-group -->
            <div class="test-group">
              <span class="test-group-name">Retesting</span>
              <br/>
              <div class="method-in-group">
                <span class="method-in-group-name">validCredentials</span>
                <br/>
              </div> <!-- method-in-group -->
            </div> <!-- test-group -->
          </div> <!-- main-panel-content rounded-window-bottom -->
        </div> <!-- panel -->
        <div panel-name="times-Command_line_suite" class="panel">
          <div class="main-panel-header rounded-window-top">
            <span class="header-content">Times for Command line suite</span>
          </div> <!-- main-panel-header rounded-window-top -->
          <div class="main-panel-content rounded-window-bottom">
            <div class="times-div">
              <script type="text/javascript">
suiteTableInitFunctions.push('tableData_Command_line_suite');
function tableData_Command_line_suite() {
var data = new google.visualization.DataTable();
data.addColumn('number', 'Number');
data.addColumn('string', 'Method');
data.addColumn('string', 'Class');
data.addColumn('number', 'Time (ms)');
data.addRows(27);
data.setCell(0, 0, 0)
data.setCell(0, 1, 'validCredentials')
data.setCell(0, 2, 'Tests.Register.Cases.Regresion.TestSkillSelectLimit')
data.setCell(0, 3, 6879);
data.setCell(1, 0, 1)
data.setCell(1, 1, 'flowTest')
data.setCell(1, 2, 'Tests.Register.Cases.KeyFlow.TestPositiveFlow')
data.setCell(1, 3, 5966);
data.setCell(2, 0, 2)
data.setCell(2, 1, 'flowTest')
data.setCell(2, 2, 'Tests.Register.Cases.Regresion.TestContinueRegistrationFourthForm')
data.setCell(2, 3, 5620);
data.setCell(3, 0, 3)
data.setCell(3, 1, 'validCredentials')
data.setCell(3, 2, 'Tests.Register.Cases.Regresion.TestSkillSelectMin')
data.setCell(3, 3, 5147);
data.setCell(4, 0, 4)
data.setCell(4, 1, 'flowTest')
data.setCell(4, 2, 'Tests.Register.Cases.Regresion.TestContinueRegistrationThirdForm')
data.setCell(4, 3, 4513);
data.setCell(5, 0, 5)
data.setCell(5, 1, 'flowTest')
data.setCell(5, 2, 'Tests.Register.Cases.Regresion.TestContinueRegistrationSecondForm')
data.setCell(5, 3, 4190);
data.setCell(6, 0, 6)
data.setCell(6, 1, 'validCredentials')
data.setCell(6, 2, 'Tests.Register.Cases.Regresion.TestAcademySelection')
data.setCell(6, 3, 4003);
data.setCell(7, 0, 7)
data.setCell(7, 1, 'validCredentials')
data.setCell(7, 2, 'Tests.Register.Cases.Regresion.TestPasswordLimit')
data.setCell(7, 3, 3932);
data.setCell(8, 0, 8)
data.setCell(8, 1, 'validCredentials')
data.setCell(8, 2, 'Tests.Register.Cases.Regresion.TestNumbersForName')
data.setCell(8, 3, 3871);
data.setCell(9, 0, 9)
data.setCell(9, 1, 'validCredentials')
data.setCell(9, 2, 'Tests.Register.Cases.Regresion.TestNextButton')
data.setCell(9, 3, 3835);
data.setCell(10, 0, 10)
data.setCell(10, 1, 'validCredentials')
data.setCell(10, 2, 'Tests.Register.Cases.Regresion.TestPasswordMandatory')
data.setCell(10, 3, 3142);
data.setCell(11, 0, 11)
data.setCell(11, 1, 'validCredentials')
data.setCell(11, 2, 'Tests.Register.Cases.Regresion.TestSymbolsForName')
data.setCell(11, 3, 3079);
data.setCell(12, 0, 12)
data.setCell(12, 1, 'validCredentials')
data.setCell(12, 2, 'Tests.Register.Cases.Regresion.TestNSymbolsForSurname')
data.setCell(12, 3, 2736);
data.setCell(13, 0, 13)
data.setCell(13, 1, 'validCredentials')
data.setCell(13, 2, 'Tests.Register.Cases.Regresion.TestAcademySelectionOnlyOne')
data.setCell(13, 3, 2689);
data.setCell(14, 0, 14)
data.setCell(14, 1, 'validCredentials')
data.setCell(14, 2, 'Tests.Register.Cases.Regresion.TestAcademySelectionMandatory')
data.setCell(14, 3, 2455);
data.setCell(15, 0, 15)
data.setCell(15, 1, 'validCredentials')
data.setCell(15, 2, 'Tests.Register.Cases.Retesting.TestSymbolsForName')
data.setCell(15, 3, 2400);
data.setCell(16, 0, 16)
data.setCell(16, 1, 'validCredentials')
data.setCell(16, 2, 'Tests.Register.Cases.Regresion.TestNumbersForSurname')
data.setCell(16, 3, 2287);
data.setCell(17, 0, 17)
data.setCell(17, 1, 'validCredentials')
data.setCell(17, 2, 'Tests.Register.Cases.Retesting.TestPasswordLimit')
data.setCell(17, 3, 2215);
data.setCell(18, 0, 18)
data.setCell(18, 1, 'validCredentials')
data.setCell(18, 2, 'Tests.Register.Cases.Retesting.TestNumbersForSurname')
data.setCell(18, 3, 2196);
data.setCell(19, 0, 19)
data.setCell(19, 1, 'validCredentials')
data.setCell(19, 2, 'Tests.Register.Cases.Retesting.TestEmailInvalidDomain')
data.setCell(19, 3, 2156);
data.setCell(20, 0, 20)
data.setCell(20, 1, 'validCredentials')
data.setCell(20, 2, 'Tests.Register.Cases.Regresion.TestEmailInvalidDomain')
data.setCell(20, 3, 2151);
data.setCell(21, 0, 21)
data.setCell(21, 1, 'validCredentials')
data.setCell(21, 2, 'Tests.Register.Cases.Regresion.TestNameMandatory')
data.setCell(21, 3, 2130);
data.setCell(22, 0, 22)
data.setCell(22, 1, 'validCredentials')
data.setCell(22, 2, 'Tests.Register.Cases.Retesting.TestNSymbolsForSurname')
data.setCell(22, 3, 2115);
data.setCell(23, 0, 23)
data.setCell(23, 1, 'validCredentials')
data.setCell(23, 2, 'Tests.Register.Cases.Regresion.TestSurnameMandatory')
data.setCell(23, 3, 2110);
data.setCell(24, 0, 24)
data.setCell(24, 1, 'validCredentials')
data.setCell(24, 2, 'Tests.Register.Cases.Retesting.TestNumbersForName')
data.setCell(24, 3, 2108);
data.setCell(25, 0, 25)
data.setCell(25, 1, 'validCredentials')
data.setCell(25, 2, 'Tests.Register.Cases.Regresion.TestBiographyMandatory')
data.setCell(25, 3, 2070);
data.setCell(26, 0, 26)
data.setCell(26, 1, 'validCredentials')
data.setCell(26, 2, 'Tests.Register.Cases.Regresion.TestEmailMandatory')
data.setCell(26, 3, 2068);
window.suiteTableData['Command_line_suite']= { tableData: data, tableDiv: 'times-div-Command_line_suite'}
return data;
}
              </script>
              <span class="suite-total-time">Total running time: 1 minutes</span>
              <div id="times-div-Command_line_suite">
              </div> <!-- times-div-Command_line_suite -->
            </div> <!-- times-div -->
          </div> <!-- main-panel-content rounded-window-bottom -->
        </div> <!-- panel -->
        <div panel-name="reporter-Command_line_suite" class="panel">
          <div class="main-panel-header rounded-window-top">
            <span class="header-content">Reporter output for Command line suite</span>
          </div> <!-- main-panel-header rounded-window-top -->
          <div class="main-panel-content rounded-window-bottom">
          </div> <!-- main-panel-content rounded-window-bottom -->
        </div> <!-- panel -->
        <div panel-name="ignored-methods-Command_line_suite" class="panel">
          <div class="main-panel-header rounded-window-top">
            <span class="header-content">0 ignored methods</span>
          </div> <!-- main-panel-header rounded-window-top -->
          <div class="main-panel-content rounded-window-bottom">
          </div> <!-- main-panel-content rounded-window-bottom -->
        </div> <!-- panel -->
        <div panel-name="chronological-Command_line_suite" class="panel">
          <div class="main-panel-header rounded-window-top">
            <span class="header-content">Methods in chronological order</span>
          </div> <!-- main-panel-header rounded-window-top -->
          <div class="main-panel-content rounded-window-bottom">
            <div class="chronological-class">
              <div class="chronological-class-name">Tests.Register.Cases.KeyFlow.TestPositiveFlow</div> <!-- chronological-class-name -->
              <div class="configuration-method before">
                <span class="method-name">init</span>
                <span class="method-start">0 ms</span>
              </div> <!-- configuration-method before -->
              <div class="test-method">
                <span class="method-name">flowTest</span>
                <span class="method-start">1099 ms</span>
              </div> <!-- test-method -->
              <div class="configuration-method after">
                <span class="method-name">tearDown</span>
                <span class="method-start">7066 ms</span>
              </div> <!-- configuration-method after -->
            </div> <!-- chronological-class -->
            <div class="chronological-class">
              <div class="chronological-class-name">Tests.Register.Cases.Regresion.TestAcademySelection</div> <!-- chronological-class-name -->
              <div class="test-method">
                <span class="method-name">validCredentials</span>
                <span class="method-start">7666 ms</span>
              </div> <!-- test-method -->
              <div class="configuration-method after">
                <span class="method-name">tearDown</span>
                <span class="method-start">11669 ms</span>
              </div> <!-- configuration-method after -->
            </div> <!-- chronological-class -->
            <div class="chronological-class">
              <div class="chronological-class-name">Tests.Register.Cases.Regresion.TestAcademySelectionMandatory</div> <!-- chronological-class-name -->
              <div class="test-method">
                <span class="method-name">validCredentials</span>
                <span class="method-start">12263 ms</span>
              </div> <!-- test-method -->
              <div class="configuration-method after">
                <span class="method-name">tearDown</span>
                <span class="method-start">14718 ms</span>
              </div> <!-- configuration-method after -->
            </div> <!-- chronological-class -->
            <div class="chronological-class">
              <div class="chronological-class-name">Tests.Register.Cases.Regresion.TestAcademySelectionOnlyOne</div> <!-- chronological-class-name -->
              <div class="test-method">
                <span class="method-name">validCredentials</span>
                <span class="method-start">15299 ms</span>
              </div> <!-- test-method -->
              <div class="configuration-method after">
                <span class="method-name">tearDown</span>
                <span class="method-start">17988 ms</span>
              </div> <!-- configuration-method after -->
            </div> <!-- chronological-class -->
            <div class="chronological-class">
              <div class="chronological-class-name">Tests.Register.Cases.Regresion.TestBiographyMandatory</div> <!-- chronological-class-name -->
              <div class="test-method">
                <span class="method-name">validCredentials</span>
                <span class="method-start">18569 ms</span>
              </div> <!-- test-method -->
              <div class="configuration-method after">
                <span class="method-name">tearDown</span>
                <span class="method-start">20640 ms</span>
              </div> <!-- configuration-method after -->
            </div> <!-- chronological-class -->
            <div class="chronological-class">
              <div class="chronological-class-name">Tests.Register.Cases.Regresion.TestContinueRegistrationFourthForm</div> <!-- chronological-class-name -->
              <div class="test-method">
                <span class="method-name">flowTest</span>
                <span class="method-start">21222 ms</span>
              </div> <!-- test-method -->
              <div class="configuration-method after">
                <span class="method-name">tearDown</span>
                <span class="method-start">26842 ms</span>
              </div> <!-- configuration-method after -->
            </div> <!-- chronological-class -->
            <div class="chronological-class">
              <div class="chronological-class-name">Tests.Register.Cases.Regresion.TestContinueRegistrationSecondForm</div> <!-- chronological-class-name -->
              <div class="test-method">
                <span class="method-name">flowTest</span>
                <span class="method-start">27427 ms</span>
              </div> <!-- test-method -->
              <div class="configuration-method after">
                <span class="method-name">tearDown</span>
                <span class="method-start">31618 ms</span>
              </div> <!-- configuration-method after -->
            </div> <!-- chronological-class -->
            <div class="chronological-class">
              <div class="chronological-class-name">Tests.Register.Cases.Regresion.TestContinueRegistrationThirdForm</div> <!-- chronological-class-name -->
              <div class="test-method">
                <span class="method-name">flowTest</span>
                <span class="method-start">32208 ms</span>
              </div> <!-- test-method -->
              <div class="configuration-method after">
                <span class="method-name">tearDown</span>
                <span class="method-start">36721 ms</span>
              </div> <!-- configuration-method after -->
            </div> <!-- chronological-class -->
            <div class="chronological-class">
              <div class="chronological-class-name">Tests.Register.Cases.Regresion.TestEmailInvalidDomain</div> <!-- chronological-class-name -->
              <div class="test-method">
                <img src="failed.png">
                </img>
                <span class="method-name">validCredentials</span>
                <span class="method-start">37318 ms</span>
              </div> <!-- test-method -->
              <div class="configuration-method after">
                <span class="method-name">tearDown</span>
                <span class="method-start">39470 ms</span>
              </div> <!-- configuration-method after -->
            </div> <!-- chronological-class -->
            <div class="chronological-class">
              <div class="chronological-class-name">Tests.Register.Cases.Regresion.TestEmailMandatory</div> <!-- chronological-class-name -->
              <div class="test-method">
                <span class="method-name">validCredentials</span>
                <span class="method-start">40068 ms</span>
              </div> <!-- test-method -->
              <div class="configuration-method after">
                <span class="method-name">tearDown</span>
                <span class="method-start">42137 ms</span>
              </div> <!-- configuration-method after -->
            </div> <!-- chronological-class -->
            <div class="chronological-class">
              <div class="chronological-class-name">Tests.Register.Cases.Regresion.TestNameMandatory</div> <!-- chronological-class-name -->
              <div class="test-method">
                <span class="method-name">validCredentials</span>
                <span class="method-start">42718 ms</span>
              </div> <!-- test-method -->
              <div class="configuration-method after">
                <span class="method-name">tearDown</span>
                <span class="method-start">44848 ms</span>
              </div> <!-- configuration-method after -->
            </div> <!-- chronological-class -->
            <div class="chronological-class">
              <div class="chronological-class-name">Tests.Register.Cases.Regresion.TestNextButton</div> <!-- chronological-class-name -->
              <div class="test-method">
                <span class="method-name">validCredentials</span>
                <span class="method-start">45431 ms</span>
              </div> <!-- test-method -->
            </div> <!-- chronological-class -->
            <div class="chronological-class">
              <div class="chronological-class-name">Tests.Register.Cases.Regresion.TestNSymbolsForSurname</div> <!-- chronological-class-name -->
              <div class="test-method">
                <img src="failed.png">
                </img>
                <span class="method-name">validCredentials</span>
                <span class="method-start">49267 ms</span>
              </div> <!-- test-method -->
              <div class="configuration-method after">
                <span class="method-name">tearDown</span>
                <span class="method-start">52003 ms</span>
              </div> <!-- configuration-method after -->
            </div> <!-- chronological-class -->
            <div class="chronological-class">
              <div class="chronological-class-name">Tests.Register.Cases.Regresion.TestNumbersForName</div> <!-- chronological-class-name -->
              <div class="test-method">
                <img src="failed.png">
                </img>
                <span class="method-name">validCredentials</span>
                <span class="method-start">52608 ms</span>
              </div> <!-- test-method -->
              <div class="configuration-method after">
                <span class="method-name">tearDown</span>
                <span class="method-start">56480 ms</span>
              </div> <!-- configuration-method after -->
            </div> <!-- chronological-class -->
            <div class="chronological-class">
              <div class="chronological-class-name">Tests.Register.Cases.Regresion.TestNumbersForSurname</div> <!-- chronological-class-name -->
              <div class="test-method">
                <img src="failed.png">
                </img>
                <span class="method-name">validCredentials</span>
                <span class="method-start">57078 ms</span>
              </div> <!-- test-method -->
              <div class="configuration-method after">
                <span class="method-name">tearDown</span>
                <span class="method-start">59366 ms</span>
              </div> <!-- configuration-method after -->
            </div> <!-- chronological-class -->
            <div class="chronological-class">
              <div class="chronological-class-name">Tests.Register.Cases.Regresion.TestPasswordLimit</div> <!-- chronological-class-name -->
              <div class="test-method">
                <img src="failed.png">
                </img>
                <span class="method-name">validCredentials</span>
                <span class="method-start">59993 ms</span>
              </div> <!-- test-method -->
              <div class="configuration-method after">
                <span class="method-name">tearDown</span>
                <span class="method-start">63926 ms</span>
              </div> <!-- configuration-method after -->
            </div> <!-- chronological-class -->
            <div class="chronological-class">
              <div class="chronological-class-name">Tests.Register.Cases.Regresion.TestPasswordMandatory</div> <!-- chronological-class-name -->
              <div class="test-method">
                <span class="method-name">validCredentials</span>
                <span class="method-start">64528 ms</span>
              </div> <!-- test-method -->
              <div class="configuration-method after">
                <span class="method-name">tearDown</span>
                <span class="method-start">67670 ms</span>
              </div> <!-- configuration-method after -->
            </div> <!-- chronological-class -->
            <div class="chronological-class">
              <div class="chronological-class-name">Tests.Register.Cases.Regresion.TestSkillSelectLimit</div> <!-- chronological-class-name -->
              <div class="test-method">
                <span class="method-name">validCredentials</span>
                <span class="method-start">68253 ms</span>
              </div> <!-- test-method -->
              <div class="configuration-method after">
                <span class="method-name">tearDown</span>
                <span class="method-start">75132 ms</span>
              </div> <!-- configuration-method after -->
            </div> <!-- chronological-class -->
            <div class="chronological-class">
              <div class="chronological-class-name">Tests.Register.Cases.Regresion.TestSkillSelectMin</div> <!-- chronological-class-name -->
              <div class="test-method">
                <span class="method-name">validCredentials</span>
                <span class="method-start">75133 ms</span>
              </div> <!-- test-method -->
              <div class="configuration-method after">
                <span class="method-name">tearDown</span>
                <span class="method-start">80280 ms</span>
              </div> <!-- configuration-method after -->
            </div> <!-- chronological-class -->
            <div class="chronological-class">
              <div class="chronological-class-name">Tests.Register.Cases.Regresion.TestSurnameMandatory</div> <!-- chronological-class-name -->
              <div class="test-method">
                <span class="method-name">validCredentials</span>
                <span class="method-start">80281 ms</span>
              </div> <!-- test-method -->
              <div class="configuration-method after">
                <span class="method-name">tearDown</span>
                <span class="method-start">82391 ms</span>
              </div> <!-- configuration-method after -->
            </div> <!-- chronological-class -->
            <div class="chronological-class">
              <div class="chronological-class-name">Tests.Register.Cases.Regresion.TestSymbolsForName</div> <!-- chronological-class-name -->
              <div class="test-method">
                <img src="failed.png">
                </img>
                <span class="method-name">validCredentials</span>
                <span class="method-start">83026 ms</span>
              </div> <!-- test-method -->
              <div class="configuration-method after">
                <span class="method-name">tearDown</span>
                <span class="method-start">86105 ms</span>
              </div> <!-- configuration-method after -->
            </div> <!-- chronological-class -->
            <div class="chronological-class">
              <div class="chronological-class-name">Tests.Register.Cases.Retesting.TestEmailInvalidDomain</div> <!-- chronological-class-name -->
              <div class="test-method">
                <img src="failed.png">
                </img>
                <span class="method-name">validCredentials</span>
                <span class="method-start">86716 ms</span>
              </div> <!-- test-method -->
              <div class="configuration-method after">
                <span class="method-name">tearDown</span>
                <span class="method-start">88872 ms</span>
              </div> <!-- configuration-method after -->
            </div> <!-- chronological-class -->
            <div class="chronological-class">
              <div class="chronological-class-name">Tests.Register.Cases.Retesting.TestNSymbolsForSurname</div> <!-- chronological-class-name -->
              <div class="test-method">
                <img src="failed.png">
                </img>
                <span class="method-name">validCredentials</span>
                <span class="method-start">89470 ms</span>
              </div> <!-- test-method -->
              <div class="configuration-method after">
                <span class="method-name">tearDown</span>
                <span class="method-start">91586 ms</span>
              </div> <!-- configuration-method after -->
            </div> <!-- chronological-class -->
            <div class="chronological-class">
              <div class="chronological-class-name">Tests.Register.Cases.Retesting.TestNumbersForName</div> <!-- chronological-class-name -->
              <div class="test-method">
                <img src="failed.png">
                </img>
                <span class="method-name">validCredentials</span>
                <span class="method-start">92221 ms</span>
              </div> <!-- test-method -->
              <div class="configuration-method after">
                <span class="method-name">tearDown</span>
                <span class="method-start">94330 ms</span>
              </div> <!-- configuration-method after -->
            </div> <!-- chronological-class -->
            <div class="chronological-class">
              <div class="chronological-class-name">Tests.Register.Cases.Retesting.TestNumbersForSurname</div> <!-- chronological-class-name -->
              <div class="test-method">
                <img src="failed.png">
                </img>
                <span class="method-name">validCredentials</span>
                <span class="method-start">94973 ms</span>
              </div> <!-- test-method -->
              <div class="configuration-method after">
                <span class="method-name">tearDown</span>
                <span class="method-start">97169 ms</span>
              </div> <!-- configuration-method after -->
            </div> <!-- chronological-class -->
            <div class="chronological-class">
              <div class="chronological-class-name">Tests.Register.Cases.Retesting.TestPasswordLimit</div> <!-- chronological-class-name -->
              <div class="test-method">
                <img src="failed.png">
                </img>
                <span class="method-name">validCredentials</span>
                <span class="method-start">97832 ms</span>
              </div> <!-- test-method -->
              <div class="configuration-method after">
                <span class="method-name">tearDown</span>
                <span class="method-start">100047 ms</span>
              </div> <!-- configuration-method after -->
            </div> <!-- chronological-class -->
            <div class="chronological-class">
              <div class="chronological-class-name">Tests.Register.Cases.Retesting.TestSymbolsForName</div> <!-- chronological-class-name -->
              <div class="test-method">
                <img src="failed.png">
                </img>
                <span class="method-name">validCredentials</span>
                <span class="method-start">100645 ms</span>
              </div> <!-- test-method -->
              <div class="configuration-method after">
                <span class="method-name">tearDown</span>
                <span class="method-start">103045 ms</span>
              </div> <!-- configuration-method after -->
          </div> <!-- main-panel-content rounded-window-bottom -->
        </div> <!-- panel -->
      </div> <!-- main-panel-root -->
    </div> <!-- wrapper -->
  </body>
</html>
