<?xml version="1.0" encoding="UTF-8"?>
<!-- Generated by org.testng.reporters.JUnitXMLReporter -->
<testsuite ignored="0" hostname="Mainframe" failures="12" tests="27" name="Command line test" time="103.722" errors="0" timestamp="2022-02-07T20:59:17 CET">
  <testcase classname="Tests.Register.Cases.KeyFlow.TestPositiveFlow" name="flowTest" time="5.966"/>
  <testcase classname="Tests.Register.Cases.Regresion.TestAcademySelection" name="validCredentials" time="4.003"/>
  <testcase classname="Tests.Register.Cases.Regresion.TestAcademySelectionMandatory" name="validCredentials" time="2.455"/>
  <testcase classname="Tests.Register.Cases.Regresion.TestAcademySelectionOnlyOne" name="validCredentials" time="2.689"/>
  <testcase classname="Tests.Register.Cases.Regresion.TestBiographyMandatory" name="validCredentials" time="2.07"/>
  <testcase classname="Tests.Register.Cases.Regresion.TestContinueRegistrationFourthForm" name="flowTest" time="5.62"/>
  <testcase classname="Tests.Register.Cases.Regresion.TestContinueRegistrationSecondForm" name="flowTest" time="4.19"/>
  <testcase classname="Tests.Register.Cases.Regresion.TestContinueRegistrationThirdForm" name="flowTest" time="4.513"/>
  <testcase classname="Tests.Register.Cases.Regresion.TestEmailInvalidDomain" name="validCredentials" time="2.151">
    <failure type="java.lang.AssertionError" message="did not expect to find [true] but found [false]">
      <![CDATA[java.lang.AssertionError: did not expect to find [true] but found [false]
at Tests.Register.Cases.Regresion.TestEmailInvalidDomain.validCredentials(TestEmailInvalidDomain.java:52)
at java.base/java.util.ArrayList.forEach(ArrayList.java:1541)
... Removed 41 stack frames]]>
    </failure>
  </testcase> <!-- validCredentials -->
  <testcase classname="Tests.Register.Cases.Regresion.TestEmailMandatory" name="validCredentials" time="2.068"/>
  <testcase classname="Tests.Register.Cases.Regresion.TestNameMandatory" name="validCredentials" time="2.13"/>
  <testcase classname="Tests.Register.Cases.Regresion.TestNextButton" name="validCredentials" time="3.835"/>
  <testcase classname="Tests.Register.Cases.Regresion.TestNSymbolsForSurname" name="validCredentials" time="2.736">
    <failure type="java.lang.AssertionError" message="did not expect to find [true] but found [false]">
      <![CDATA[java.lang.AssertionError: did not expect to find [true] but found [false]
at Tests.Register.Cases.Regresion.TestNSymbolsForSurname.validCredentials(TestNSymbolsForSurname.java:55)
at java.base/java.util.ArrayList.forEach(ArrayList.java:1541)
... Removed 41 stack frames]]>
    </failure>
  </testcase> <!-- validCredentials -->
  <testcase classname="Tests.Register.Cases.Regresion.TestNumbersForName" name="validCredentials" time="3.871">
    <failure type="java.lang.AssertionError" message="did not expect to find [true] but found [false]">
      <![CDATA[java.lang.AssertionError: did not expect to find [true] but found [false]
at Tests.Register.Cases.Regresion.TestNumbersForName.validCredentials(TestNumbersForName.java:53)
at java.base/java.util.ArrayList.forEach(ArrayList.java:1541)
... Removed 41 stack frames]]>
    </failure>
  </testcase> <!-- validCredentials -->
  <testcase classname="Tests.Register.Cases.Regresion.TestNumbersForSurname" name="validCredentials" time="2.287">
    <failure type="java.lang.AssertionError" message="did not expect to find [true] but found [false]">
      <![CDATA[java.lang.AssertionError: did not expect to find [true] but found [false]
at Tests.Register.Cases.Regresion.TestNumbersForSurname.validCredentials(TestNumbersForSurname.java:52)
at java.base/java.util.ArrayList.forEach(ArrayList.java:1541)
... Removed 41 stack frames]]>
    </failure>
  </testcase> <!-- validCredentials -->
  <testcase classname="Tests.Register.Cases.Regresion.TestPasswordLimit" name="validCredentials" time="3.932">
    <failure type="java.lang.AssertionError" message="did not expect to find [true] but found [false]">
      <![CDATA[java.lang.AssertionError: did not expect to find [true] but found [false]
at Tests.Register.Cases.Regresion.TestPasswordLimit.validCredentials(TestPasswordLimit.java:54)
at java.base/java.util.ArrayList.forEach(ArrayList.java:1541)
... Removed 41 stack frames]]>
    </failure>
  </testcase> <!-- validCredentials -->
  <testcase classname="Tests.Register.Cases.Regresion.TestPasswordMandatory" name="validCredentials" time="3.142"/>
  <testcase classname="Tests.Register.Cases.Regresion.TestSkillSelectLimit" name="validCredentials" time="6.879"/>
  <testcase classname="Tests.Register.Cases.Regresion.TestSkillSelectMin" name="validCredentials" time="5.147"/>
  <testcase classname="Tests.Register.Cases.Regresion.TestSurnameMandatory" name="validCredentials" time="2.11"/>
  <testcase classname="Tests.Register.Cases.Regresion.TestSymbolsForName" name="validCredentials" time="3.079">
    <failure type="java.lang.AssertionError" message="did not expect to find [true] but found [false]">
      <![CDATA[java.lang.AssertionError: did not expect to find [true] but found [false]
at Tests.Register.Cases.Regresion.TestSymbolsForName.validCredentials(TestSymbolsForName.java:55)
at java.base/java.util.ArrayList.forEach(ArrayList.java:1541)
... Removed 41 stack frames]]>
    </failure>
  </testcase> <!-- validCredentials -->
  <testcase classname="Tests.Register.Cases.Retesting.TestEmailInvalidDomain" name="validCredentials" time="2.156">
    <failure type="java.lang.AssertionError" message="did not expect to find [true] but found [false]">
      <![CDATA[java.lang.AssertionError: did not expect to find [true] but found [false]
at Tests.Register.Cases.Retesting.TestEmailInvalidDomain.validCredentials(TestEmailInvalidDomain.java:51)
at java.base/java.util.ArrayList.forEach(ArrayList.java:1541)
... Removed 41 stack frames]]>
    </failure>
  </testcase> <!-- validCredentials -->
  <testcase classname="Tests.Register.Cases.Retesting.TestNSymbolsForSurname" name="validCredentials" time="2.115">
    <failure type="java.lang.AssertionError" message="did not expect to find [true] but found [false]">
      <![CDATA[java.lang.AssertionError: did not expect to find [true] but found [false]
at Tests.Register.Cases.Retesting.TestNSymbolsForSurname.validCredentials(TestNSymbolsForSurname.java:52)
at java.base/java.util.ArrayList.forEach(ArrayList.java:1541)
... Removed 41 stack frames]]>
    </failure>
  </testcase> <!-- validCredentials -->
  <testcase classname="Tests.Register.Cases.Retesting.TestNumbersForName" name="validCredentials" time="2.108">
    <failure type="java.lang.AssertionError" message="did not expect to find [true] but found [false]">
      <![CDATA[java.lang.AssertionError: did not expect to find [true] but found [false]
at Tests.Register.Cases.Retesting.TestNumbersForName.validCredentials(TestNumbersForName.java:52)
at java.base/java.util.ArrayList.forEach(ArrayList.java:1541)
... Removed 41 stack frames]]>
    </failure>
  </testcase> <!-- validCredentials -->
  <testcase classname="Tests.Register.Cases.Retesting.TestNumbersForSurname" name="validCredentials" time="2.196">
    <failure type="java.lang.AssertionError" message="did not expect to find [true] but found [false]">
      <![CDATA[java.lang.AssertionError: did not expect to find [true] but found [false]
at Tests.Register.Cases.Retesting.TestNumbersForSurname.validCredentials(TestNumbersForSurname.java:52)
at java.base/java.util.ArrayList.forEach(ArrayList.java:1541)
... Removed 41 stack frames]]>
    </failure>
  </testcase> <!-- validCredentials -->
  <testcase classname="Tests.Register.Cases.Retesting.TestPasswordLimit" name="validCredentials" time="2.215">
    <failure type="java.lang.AssertionError" message="did not expect to find [true] but found [false]">
      <![CDATA[java.lang.AssertionError: did not expect to find [true] but found [false]
at Tests.Register.Cases.Retesting.TestPasswordLimit.validCredentials(TestPasswordLimit.java:53)
at java.base/java.util.ArrayList.forEach(ArrayList.java:1541)
... Removed 41 stack frames]]>
    </failure>
  </testcase> <!-- validCredentials -->
  <testcase classname="Tests.Register.Cases.Retesting.TestSymbolsForName" name="validCredentials" time="2.4">
    <failure type="java.lang.AssertionError" message="did not expect to find [true] but found [false]">
      <![CDATA[java.lang.AssertionError: did not expect to find [true] but found [false]
at Tests.Register.Cases.Retesting.TestSymbolsForName.validCredentials(TestSymbolsForName.java:54)
at java.base/java.util.ArrayList.forEach(ArrayList.java:1541)
... Removed 41 stack frames]]>
    </failure>
  </testcase> <!-- validCredentials -->
</testsuite> <!-- Command line test -->
